{"F:\\practice\\ms-ali-akbar-betest\\src\\app.js": {"path":"F:\\practice\\ms-ali-akbar-betest\\src\\app.js","statementMap":{"0":{"start":{"line":1,"column":0},"end":{"line":1,"column":27}},"1":{"start":{"line":2,"column":16},"end":{"line":2,"column":34}},"2":{"start":{"line":3,"column":17},"end":{"line":3,"column":45}},"3":{"start":{"line":4,"column":20},"end":{"line":4,"column":45}},"4":{"start":{"line":5,"column":19},"end":{"line":5,"column":49}},"5":{"start":{"line":6,"column":19},"end":{"line":6,"column":49}},"6":{"start":{"line":7,"column":24},"end":{"line":7,"column":58}},"7":{"start":{"line":9,"column":12},"end":{"line":9,"column":21}},"8":{"start":{"line":12,"column":0},"end":{"line":12,"column":24}},"9":{"start":{"line":13,"column":0},"end":{"line":13,"column":48}},"10":{"start":{"line":16,"column":0},"end":{"line":22,"column":3}},"11":{"start":{"line":17,"column":2},"end":{"line":21,"column":5}},"12":{"start":{"line":25,"column":0},"end":{"line":25,"column":33}},"13":{"start":{"line":26,"column":0},"end":{"line":26,"column":34}},"14":{"start":{"line":29,"column":0},"end":{"line":31,"column":3}},"15":{"start":{"line":30,"column":2},"end":{"line":30,"column":70}},"16":{"start":{"line":35,"column":0},"end":{"line":38,"column":3}},"17":{"start":{"line":36,"column":2},"end":{"line":36,"column":47}},"18":{"start":{"line":37,"column":2},"end":{"line":37,"column":92}},"19":{"start":{"line":41,"column":13},"end":{"line":41,"column":37}},"20":{"start":{"line":44,"column":2},"end":{"line":44,"column":27}},"21":{"start":{"line":45,"column":2},"end":{"line":45,"column":24}},"22":{"start":{"line":46,"column":2},"end":{"line":48,"column":5}},"23":{"start":{"line":47,"column":4},"end":{"line":47,"column":69}},"24":{"start":{"line":51,"column":0},"end":{"line":56,"column":1}},"25":{"start":{"line":52,"column":2},"end":{"line":55,"column":5}},"26":{"start":{"line":53,"column":4},"end":{"line":53,"column":53}},"27":{"start":{"line":54,"column":4},"end":{"line":54,"column":20}},"28":{"start":{"line":58,"column":0},"end":{"line":58,"column":21}}},"fnMap":{"0":{"name":"(anonymous_0)","decl":{"start":{"line":16,"column":19},"end":{"line":16,"column":20}},"loc":{"start":{"line":16,"column":33},"end":{"line":22,"column":1}},"line":16},"1":{"name":"(anonymous_1)","decl":{"start":{"line":29,"column":8},"end":{"line":29,"column":9}},"loc":{"start":{"line":29,"column":22},"end":{"line":31,"column":1}},"line":29},"2":{"name":"(anonymous_2)","decl":{"start":{"line":35,"column":8},"end":{"line":35,"column":9}},"loc":{"start":{"line":35,"column":33},"end":{"line":38,"column":1}},"line":35},"3":{"name":"bootstrap","decl":{"start":{"line":43,"column":15},"end":{"line":43,"column":24}},"loc":{"start":{"line":43,"column":27},"end":{"line":49,"column":1}},"line":43},"4":{"name":"(anonymous_4)","decl":{"start":{"line":46,"column":19},"end":{"line":46,"column":20}},"loc":{"start":{"line":46,"column":25},"end":{"line":48,"column":3}},"line":46},"5":{"name":"(anonymous_5)","decl":{"start":{"line":52,"column":20},"end":{"line":52,"column":21}},"loc":{"start":{"line":52,"column":29},"end":{"line":55,"column":3}},"line":52}},"branchMap":{"0":{"loc":{"start":{"line":37,"column":29},"end":{"line":37,"column":67}},"type":"binary-expr","locations":[{"start":{"line":37,"column":29},"end":{"line":37,"column":40}},{"start":{"line":37,"column":44},"end":{"line":37,"column":67}}],"line":37},"1":{"loc":{"start":{"line":37,"column":69},"end":{"line":37,"column":90}},"type":"binary-expr","locations":[{"start":{"line":37,"column":69},"end":{"line":37,"column":83}},{"start":{"line":37,"column":87},"end":{"line":37,"column":90}}],"line":37},"2":{"loc":{"start":{"line":41,"column":13},"end":{"line":41,"column":37}},"type":"binary-expr","locations":[{"start":{"line":41,"column":13},"end":{"line":41,"column":29}},{"start":{"line":41,"column":33},"end":{"line":41,"column":37}}],"line":41},"3":{"loc":{"start":{"line":51,"column":0},"end":{"line":56,"column":1}},"type":"if","locations":[{"start":{"line":51,"column":0},"end":{"line":56,"column":1}},{"start":{},"end":{}}],"line":51}},"s":{"0":1,"1":1,"2":1,"3":1,"4":1,"5":1,"6":1,"7":1,"8":1,"9":1,"10":1,"11":1,"12":1,"13":1,"14":1,"15":1,"16":1,"17":0,"18":0,"19":1,"20":0,"21":0,"22":0,"23":0,"24":1,"25":0,"26":0,"27":0,"28":1},"f":{"0":1,"1":1,"2":0,"3":0,"4":0,"5":0},"b":{"0":[0,0],"1":[0,0],"2":[1,0],"3":[0,1]},"_coverageSchema":"1a1c01bbd47fc00a2c39e90264f33305004495a9","hash":"a4b179a88fe0b08545252bd742df7523270847e9"}
,"F:\\practice\\ms-ali-akbar-betest\\src\\config\\redis.js": {"path":"F:\\practice\\ms-ali-akbar-betest\\src\\config\\redis.js","statementMap":{"0":{"start":{"line":1,"column":14},"end":{"line":1,"column":32}},"1":{"start":{"line":9,"column":4},"end":{"line":11,"column":5}},"2":{"start":{"line":10,"column":6},"end":{"line":10,"column":34}},"3":{"start":{"line":12,"column":4},"end":{"line":12,"column":23}},"4":{"start":{"line":13,"column":4},"end":{"line":13,"column":67}},"5":{"start":{"line":14,"column":4},"end":{"line":14,"column":59}},"6":{"start":{"line":15,"column":4},"end":{"line":15,"column":32}},"7":{"start":{"line":19,"column":4},"end":{"line":21,"column":5}},"8":{"start":{"line":20,"column":6},"end":{"line":20,"column":25}},"9":{"start":{"line":23,"column":17},"end":{"line":23,"column":54}},"10":{"start":{"line":24,"column":17},"end":{"line":24,"column":61}},"11":{"start":{"line":26,"column":4},"end":{"line":26,"column":63}},"12":{"start":{"line":28,"column":4},"end":{"line":30,"column":7}},"13":{"start":{"line":29,"column":6},"end":{"line":29,"column":54}},"14":{"start":{"line":32,"column":4},"end":{"line":34,"column":7}},"15":{"start":{"line":33,"column":6},"end":{"line":33,"column":51}},"16":{"start":{"line":36,"column":4},"end":{"line":36,"column":23}},"17":{"start":{"line":40,"column":4},"end":{"line":42,"column":5}},"18":{"start":{"line":41,"column":6},"end":{"line":41,"column":28}},"19":{"start":{"line":43,"column":4},"end":{"line":43,"column":23}},"20":{"start":{"line":47,"column":4},"end":{"line":47,"column":50}},"21":{"start":{"line":51,"column":4},"end":{"line":57,"column":5}},"22":{"start":{"line":52,"column":19},"end":{"line":52,"column":50}},"23":{"start":{"line":53,"column":6},"end":{"line":53,"column":44}},"24":{"start":{"line":55,"column":6},"end":{"line":55,"column":55}},"25":{"start":{"line":56,"column":6},"end":{"line":56,"column":18}},"26":{"start":{"line":61,"column":4},"end":{"line":65,"column":5}},"27":{"start":{"line":62,"column":6},"end":{"line":62,"column":72}},"28":{"start":{"line":64,"column":6},"end":{"line":64,"column":55}},"29":{"start":{"line":69,"column":4},"end":{"line":73,"column":5}},"30":{"start":{"line":70,"column":6},"end":{"line":70,"column":38}},"31":{"start":{"line":72,"column":6},"end":{"line":72,"column":55}},"32":{"start":{"line":77,"column":4},"end":{"line":84,"column":5}},"33":{"start":{"line":78,"column":19},"end":{"line":78,"column":55}},"34":{"start":{"line":79,"column":6},"end":{"line":81,"column":7}},"35":{"start":{"line":80,"column":8},"end":{"line":80,"column":44}},"36":{"start":{"line":83,"column":6},"end":{"line":83,"column":63}},"37":{"start":{"line":88,"column":4},"end":{"line":91,"column":5}},"38":{"start":{"line":89,"column":6},"end":{"line":89,"column":31}},"39":{"start":{"line":90,"column":6},"end":{"line":90,"column":25}},"40":{"start":{"line":95,"column":0},"end":{"line":95,"column":35}}},"fnMap":{"0":{"name":"(anonymous_0)","decl":{"start":{"line":8,"column":2},"end":{"line":8,"column":3}},"loc":{"start":{"line":8,"column":16},"end":{"line":16,"column":3}},"line":8},"1":{"name":"(anonymous_1)","decl":{"start":{"line":18,"column":2},"end":{"line":18,"column":3}},"loc":{"start":{"line":18,"column":12},"end":{"line":37,"column":3}},"line":18},"2":{"name":"(anonymous_2)","decl":{"start":{"line":28,"column":30},"end":{"line":28,"column":31}},"loc":{"start":{"line":28,"column":36},"end":{"line":30,"column":5}},"line":28},"3":{"name":"(anonymous_3)","decl":{"start":{"line":32,"column":28},"end":{"line":32,"column":29}},"loc":{"start":{"line":32,"column":37},"end":{"line":34,"column":5}},"line":32},"4":{"name":"(anonymous_4)","decl":{"start":{"line":39,"column":2},"end":{"line":39,"column":3}},"loc":{"start":{"line":39,"column":14},"end":{"line":44,"column":3}},"line":39},"5":{"name":"(anonymous_5)","decl":{"start":{"line":46,"column":2},"end":{"line":46,"column":3}},"loc":{"start":{"line":46,"column":31},"end":{"line":48,"column":3}},"line":46},"6":{"name":"(anonymous_6)","decl":{"start":{"line":50,"column":2},"end":{"line":50,"column":3}},"loc":{"start":{"line":50,"column":17},"end":{"line":58,"column":3}},"line":50},"7":{"name":"(anonymous_7)","decl":{"start":{"line":60,"column":2},"end":{"line":60,"column":3}},"loc":{"start":{"line":60,"column":40},"end":{"line":66,"column":3}},"line":60},"8":{"name":"(anonymous_8)","decl":{"start":{"line":68,"column":2},"end":{"line":68,"column":3}},"loc":{"start":{"line":68,"column":17},"end":{"line":74,"column":3}},"line":68},"9":{"name":"(anonymous_9)","decl":{"start":{"line":76,"column":2},"end":{"line":76,"column":3}},"loc":{"start":{"line":76,"column":30},"end":{"line":85,"column":3}},"line":76},"10":{"name":"(anonymous_10)","decl":{"start":{"line":87,"column":2},"end":{"line":87,"column":3}},"loc":{"start":{"line":87,"column":21},"end":{"line":92,"column":3}},"line":87}},"branchMap":{"0":{"loc":{"start":{"line":9,"column":4},"end":{"line":11,"column":5}},"type":"if","locations":[{"start":{"line":9,"column":4},"end":{"line":11,"column":5}},{"start":{},"end":{}}],"line":9},"1":{"loc":{"start":{"line":13,"column":16},"end":{"line":13,"column":66}},"type":"binary-expr","locations":[{"start":{"line":13,"column":16},"end":{"line":13,"column":38}},{"start":{"line":13,"column":42},"end":{"line":13,"column":66}}],"line":13},"2":{"loc":{"start":{"line":14,"column":15},"end":{"line":14,"column":58}},"type":"binary-expr","locations":[{"start":{"line":14,"column":15},"end":{"line":14,"column":50}},{"start":{"line":14,"column":54},"end":{"line":14,"column":58}}],"line":14},"3":{"loc":{"start":{"line":19,"column":4},"end":{"line":21,"column":5}},"type":"if","locations":[{"start":{"line":19,"column":4},"end":{"line":21,"column":5}},{"start":{},"end":{}}],"line":19},"4":{"loc":{"start":{"line":23,"column":17},"end":{"line":23,"column":54}},"type":"binary-expr","locations":[{"start":{"line":23,"column":17},"end":{"line":23,"column":39}},{"start":{"line":23,"column":43},"end":{"line":23,"column":54}}],"line":23},"5":{"loc":{"start":{"line":24,"column":17},"end":{"line":24,"column":61}},"type":"binary-expr","locations":[{"start":{"line":24,"column":17},"end":{"line":24,"column":53}},{"start":{"line":24,"column":57},"end":{"line":24,"column":61}}],"line":24},"6":{"loc":{"start":{"line":40,"column":4},"end":{"line":42,"column":5}},"type":"if","locations":[{"start":{"line":40,"column":4},"end":{"line":42,"column":5}},{"start":{},"end":{}}],"line":40},"7":{"loc":{"start":{"line":53,"column":13},"end":{"line":53,"column":43}},"type":"cond-expr","locations":[{"start":{"line":53,"column":20},"end":{"line":53,"column":36}},{"start":{"line":53,"column":39},"end":{"line":53,"column":43}}],"line":53},"8":{"loc":{"start":{"line":60,"column":24},"end":{"line":60,"column":38}},"type":"default-arg","locations":[{"start":{"line":60,"column":30},"end":{"line":60,"column":38}}],"line":60},"9":{"loc":{"start":{"line":79,"column":6},"end":{"line":81,"column":7}},"type":"if","locations":[{"start":{"line":79,"column":6},"end":{"line":81,"column":7}},{"start":{},"end":{}}],"line":79},"10":{"loc":{"start":{"line":88,"column":4},"end":{"line":91,"column":5}},"type":"if","locations":[{"start":{"line":88,"column":4},"end":{"line":91,"column":5}},{"start":{},"end":{}}],"line":88}},"s":{"0":1,"1":1,"2":0,"3":1,"4":1,"5":1,"6":1,"7":0,"8":0,"9":0,"10":0,"11":0,"12":0,"13":0,"14":0,"15":0,"16":0,"17":0,"18":0,"19":0,"20":0,"21":0,"22":0,"23":0,"24":0,"25":0,"26":0,"27":0,"28":0,"29":0,"30":0,"31":0,"32":0,"33":0,"34":0,"35":0,"36":0,"37":0,"38":0,"39":0,"40":1},"f":{"0":1,"1":0,"2":0,"3":0,"4":0,"5":0,"6":0,"7":0,"8":0,"9":0,"10":0},"b":{"0":[0,1],"1":[1,1],"2":[1,1],"3":[0,0],"4":[0,0],"5":[0,0],"6":[0,0],"7":[0,0],"8":[0],"9":[0,0],"10":[0,0]},"_coverageSchema":"1a1c01bbd47fc00a2c39e90264f33305004495a9","hash":"648f5e1a85db6ad0b03d1df977957e62a84de55f"}
,"F:\\practice\\ms-ali-akbar-betest\\src\\controllers\\authController.js": {"path":"F:\\practice\\ms-ali-akbar-betest\\src\\controllers\\authController.js","statementMap":{"0":{"start":{"line":1,"column":20},"end":{"line":1,"column":54}},"1":{"start":{"line":2,"column":24},"end":{"line":2,"column":59}},"2":{"start":{"line":3,"column":23},"end":{"line":3,"column":38}},"3":{"start":{"line":14,"column":4},"end":{"line":32,"column":5}},"4":{"start":{"line":15,"column":35},"end":{"line":15,"column":43}},"5":{"start":{"line":16,"column":22},"end":{"line":19,"column":7}},"6":{"start":{"line":20,"column":20},"end":{"line":20,"column":54}},"7":{"start":{"line":21,"column":6},"end":{"line":29,"column":8}},"8":{"start":{"line":31,"column":6},"end":{"line":31,"column":60}},"9":{"start":{"line":41,"column":4},"end":{"line":45,"column":6}},"10":{"start":{"line":49,"column":0},"end":{"line":49,"column":38}}},"fnMap":{"0":{"name":"(anonymous_0)","decl":{"start":{"line":13,"column":2},"end":{"line":13,"column":3}},"loc":{"start":{"line":13,"column":26},"end":{"line":33,"column":3}},"line":13},"1":{"name":"(anonymous_1)","decl":{"start":{"line":39,"column":2},"end":{"line":39,"column":3}},"loc":{"start":{"line":39,"column":24},"end":{"line":46,"column":3}},"line":39}},"branchMap":{"0":{"loc":{"start":{"line":17,"column":16},"end":{"line":17,"column":34}},"type":"binary-expr","locations":[{"start":{"line":17,"column":16},"end":{"line":17,"column":22}},{"start":{"line":17,"column":26},"end":{"line":17,"column":34}}],"line":17},"1":{"loc":{"start":{"line":25,"column":21},"end":{"line":25,"column":55}},"type":"binary-expr","locations":[{"start":{"line":25,"column":21},"end":{"line":25,"column":47}},{"start":{"line":25,"column":51},"end":{"line":25,"column":55}}],"line":25}},"s":{"0":1,"1":1,"2":1,"3":1,"4":1,"5":1,"6":1,"7":1,"8":0,"9":1,"10":1},"f":{"0":1,"1":1},"b":{"0":[1,1],"1":[1,0]},"_coverageSchema":"1a1c01bbd47fc00a2c39e90264f33305004495a9","hash":"820c2f0dbc38292012e64bdee9594634afd7ac8b"}
,"F:\\practice\\ms-ali-akbar-betest\\src\\controllers\\userController.js": {"path":"F:\\practice\\ms-ali-akbar-betest\\src\\controllers\\userController.js","statementMap":{"0":{"start":{"line":1,"column":20},"end":{"line":1,"column":54}},"1":{"start":{"line":2,"column":24},"end":{"line":2,"column":59}},"2":{"start":{"line":14,"column":4},"end":{"line":26,"column":5}},"3":{"start":{"line":15,"column":19},"end":{"line":15,"column":57}},"4":{"start":{"line":16,"column":6},"end":{"line":16,"column":77}},"5":{"start":{"line":18,"column":6},"end":{"line":21,"column":7}},"6":{"start":{"line":19,"column":22},"end":{"line":19,"column":71}},"7":{"start":{"line":20,"column":8},"end":{"line":20,"column":72}},"8":{"start":{"line":22,"column":6},"end":{"line":24,"column":7}},"9":{"start":{"line":23,"column":8},"end":{"line":23,"column":60}},"10":{"start":{"line":25,"column":6},"end":{"line":25,"column":80}},"11":{"start":{"line":33,"column":4},"end":{"line":40,"column":5}},"12":{"start":{"line":34,"column":19},"end":{"line":34,"column":52}},"13":{"start":{"line":35,"column":20},"end":{"line":35,"column":70}},"14":{"start":{"line":36,"column":21},"end":{"line":36,"column":67}},"15":{"start":{"line":37,"column":6},"end":{"line":37,"column":82}},"16":{"start":{"line":39,"column":6},"end":{"line":39,"column":80}},"17":{"start":{"line":47,"column":4},"end":{"line":55,"column":5}},"18":{"start":{"line":48,"column":19},"end":{"line":48,"column":63}},"19":{"start":{"line":49,"column":6},"end":{"line":49,"column":79}},"20":{"start":{"line":51,"column":6},"end":{"line":53,"column":7}},"21":{"start":{"line":52,"column":8},"end":{"line":52,"column":60}},"22":{"start":{"line":54,"column":6},"end":{"line":54,"column":80}},"23":{"start":{"line":62,"column":4},"end":{"line":70,"column":5}},"24":{"start":{"line":63,"column":19},"end":{"line":63,"column":85}},"25":{"start":{"line":64,"column":6},"end":{"line":64,"column":79}},"26":{"start":{"line":66,"column":6},"end":{"line":68,"column":7}},"27":{"start":{"line":67,"column":8},"end":{"line":67,"column":60}},"28":{"start":{"line":69,"column":6},"end":{"line":69,"column":80}},"29":{"start":{"line":77,"column":4},"end":{"line":85,"column":5}},"30":{"start":{"line":78,"column":19},"end":{"line":78,"column":87}},"31":{"start":{"line":79,"column":6},"end":{"line":79,"column":79}},"32":{"start":{"line":81,"column":6},"end":{"line":83,"column":7}},"33":{"start":{"line":82,"column":8},"end":{"line":82,"column":60}},"34":{"start":{"line":84,"column":6},"end":{"line":84,"column":80}},"35":{"start":{"line":92,"column":4},"end":{"line":104,"column":5}},"36":{"start":{"line":93,"column":19},"end":{"line":93,"column":72}},"37":{"start":{"line":94,"column":6},"end":{"line":94,"column":77}},"38":{"start":{"line":96,"column":6},"end":{"line":98,"column":7}},"39":{"start":{"line":97,"column":8},"end":{"line":97,"column":60}},"40":{"start":{"line":99,"column":6},"end":{"line":102,"column":7}},"41":{"start":{"line":100,"column":22},"end":{"line":100,"column":71}},"42":{"start":{"line":101,"column":8},"end":{"line":101,"column":72}},"43":{"start":{"line":103,"column":6},"end":{"line":103,"column":80}},"44":{"start":{"line":111,"column":4},"end":{"line":119,"column":5}},"45":{"start":{"line":112,"column":6},"end":{"line":112,"column":50}},"46":{"start":{"line":113,"column":6},"end":{"line":113,"column":77}},"47":{"start":{"line":115,"column":6},"end":{"line":117,"column":7}},"48":{"start":{"line":116,"column":8},"end":{"line":116,"column":60}},"49":{"start":{"line":118,"column":6},"end":{"line":118,"column":80}},"50":{"start":{"line":123,"column":0},"end":{"line":123,"column":38}}},"fnMap":{"0":{"name":"(anonymous_0)","decl":{"start":{"line":13,"column":2},"end":{"line":13,"column":3}},"loc":{"start":{"line":13,"column":29},"end":{"line":27,"column":3}},"line":13},"1":{"name":"(anonymous_1)","decl":{"start":{"line":32,"column":2},"end":{"line":32,"column":3}},"loc":{"start":{"line":32,"column":30},"end":{"line":41,"column":3}},"line":32},"2":{"name":"(anonymous_2)","decl":{"start":{"line":46,"column":2},"end":{"line":46,"column":3}},"loc":{"start":{"line":46,"column":30},"end":{"line":56,"column":3}},"line":46},"3":{"name":"(anonymous_3)","decl":{"start":{"line":61,"column":2},"end":{"line":61,"column":3}},"loc":{"start":{"line":61,"column":41},"end":{"line":71,"column":3}},"line":61},"4":{"name":"(anonymous_4)","decl":{"start":{"line":76,"column":2},"end":{"line":76,"column":3}},"loc":{"start":{"line":76,"column":42},"end":{"line":86,"column":3}},"line":76},"5":{"name":"(anonymous_5)","decl":{"start":{"line":91,"column":2},"end":{"line":91,"column":3}},"loc":{"start":{"line":91,"column":29},"end":{"line":105,"column":3}},"line":91},"6":{"name":"(anonymous_6)","decl":{"start":{"line":110,"column":2},"end":{"line":110,"column":3}},"loc":{"start":{"line":110,"column":29},"end":{"line":120,"column":3}},"line":110}},"branchMap":{"0":{"loc":{"start":{"line":18,"column":6},"end":{"line":21,"column":7}},"type":"if","locations":[{"start":{"line":18,"column":6},"end":{"line":21,"column":7}},{"start":{},"end":{}}],"line":18},"1":{"loc":{"start":{"line":19,"column":22},"end":{"line":19,"column":71}},"type":"binary-expr","locations":[{"start":{"line":19,"column":22},"end":{"line":19,"column":60}},{"start":{"line":19,"column":64},"end":{"line":19,"column":71}}],"line":19},"2":{"loc":{"start":{"line":19,"column":34},"end":{"line":19,"column":56}},"type":"binary-expr","locations":[{"start":{"line":19,"column":34},"end":{"line":19,"column":50}},{"start":{"line":19,"column":54},"end":{"line":19,"column":56}}],"line":19},"3":{"loc":{"start":{"line":22,"column":6},"end":{"line":24,"column":7}},"type":"if","locations":[{"start":{"line":22,"column":6},"end":{"line":24,"column":7}},{"start":{},"end":{}}],"line":22},"4":{"loc":{"start":{"line":25,"column":55},"end":{"line":25,"column":78}},"type":"binary-expr","locations":[{"start":{"line":25,"column":55},"end":{"line":25,"column":71}},{"start":{"line":25,"column":75},"end":{"line":25,"column":78}}],"line":25},"5":{"loc":{"start":{"line":34,"column":19},"end":{"line":34,"column":52}},"type":"binary-expr","locations":[{"start":{"line":34,"column":19},"end":{"line":34,"column":47}},{"start":{"line":34,"column":51},"end":{"line":34,"column":52}}],"line":34},"6":{"loc":{"start":{"line":35,"column":29},"end":{"line":35,"column":64}},"type":"binary-expr","locations":[{"start":{"line":35,"column":29},"end":{"line":35,"column":58}},{"start":{"line":35,"column":62},"end":{"line":35,"column":64}}],"line":35},"7":{"loc":{"start":{"line":39,"column":55},"end":{"line":39,"column":78}},"type":"binary-expr","locations":[{"start":{"line":39,"column":55},"end":{"line":39,"column":71}},{"start":{"line":39,"column":75},"end":{"line":39,"column":78}}],"line":39},"8":{"loc":{"start":{"line":51,"column":6},"end":{"line":53,"column":7}},"type":"if","locations":[{"start":{"line":51,"column":6},"end":{"line":53,"column":7}},{"start":{},"end":{}}],"line":51},"9":{"loc":{"start":{"line":54,"column":55},"end":{"line":54,"column":78}},"type":"binary-expr","locations":[{"start":{"line":54,"column":55},"end":{"line":54,"column":71}},{"start":{"line":54,"column":75},"end":{"line":54,"column":78}}],"line":54},"10":{"loc":{"start":{"line":66,"column":6},"end":{"line":68,"column":7}},"type":"if","locations":[{"start":{"line":66,"column":6},"end":{"line":68,"column":7}},{"start":{},"end":{}}],"line":66},"11":{"loc":{"start":{"line":69,"column":55},"end":{"line":69,"column":78}},"type":"binary-expr","locations":[{"start":{"line":69,"column":55},"end":{"line":69,"column":71}},{"start":{"line":69,"column":75},"end":{"line":69,"column":78}}],"line":69},"12":{"loc":{"start":{"line":81,"column":6},"end":{"line":83,"column":7}},"type":"if","locations":[{"start":{"line":81,"column":6},"end":{"line":83,"column":7}},{"start":{},"end":{}}],"line":81},"13":{"loc":{"start":{"line":84,"column":55},"end":{"line":84,"column":78}},"type":"binary-expr","locations":[{"start":{"line":84,"column":55},"end":{"line":84,"column":71}},{"start":{"line":84,"column":75},"end":{"line":84,"column":78}}],"line":84},"14":{"loc":{"start":{"line":96,"column":6},"end":{"line":98,"column":7}},"type":"if","locations":[{"start":{"line":96,"column":6},"end":{"line":98,"column":7}},{"start":{},"end":{}}],"line":96},"15":{"loc":{"start":{"line":99,"column":6},"end":{"line":102,"column":7}},"type":"if","locations":[{"start":{"line":99,"column":6},"end":{"line":102,"column":7}},{"start":{},"end":{}}],"line":99},"16":{"loc":{"start":{"line":100,"column":22},"end":{"line":100,"column":71}},"type":"binary-expr","locations":[{"start":{"line":100,"column":22},"end":{"line":100,"column":60}},{"start":{"line":100,"column":64},"end":{"line":100,"column":71}}],"line":100},"17":{"loc":{"start":{"line":100,"column":34},"end":{"line":100,"column":56}},"type":"binary-expr","locations":[{"start":{"line":100,"column":34},"end":{"line":100,"column":50}},{"start":{"line":100,"column":54},"end":{"line":100,"column":56}}],"line":100},"18":{"loc":{"start":{"line":103,"column":55},"end":{"line":103,"column":78}},"type":"binary-expr","locations":[{"start":{"line":103,"column":55},"end":{"line":103,"column":71}},{"start":{"line":103,"column":75},"end":{"line":103,"column":78}}],"line":103},"19":{"loc":{"start":{"line":115,"column":6},"end":{"line":117,"column":7}},"type":"if","locations":[{"start":{"line":115,"column":6},"end":{"line":117,"column":7}},{"start":{},"end":{}}],"line":115},"20":{"loc":{"start":{"line":118,"column":55},"end":{"line":118,"column":78}},"type":"binary-expr","locations":[{"start":{"line":118,"column":55},"end":{"line":118,"column":71}},{"start":{"line":118,"column":75},"end":{"line":118,"column":78}}],"line":118}},"s":{"0":1,"1":1,"2":2,"3":2,"4":1,"5":1,"6":0,"7":0,"8":1,"9":1,"10":0,"11":1,"12":1,"13":1,"14":1,"15":1,"16":0,"17":2,"18":2,"19":1,"20":1,"21":1,"22":0,"23":2,"24":2,"25":1,"26":1,"27":1,"28":0,"29":2,"30":2,"31":1,"32":1,"33":1,"34":0,"35":2,"36":2,"37":1,"38":1,"39":1,"40":0,"41":0,"42":0,"43":0,"44":2,"45":2,"46":1,"47":1,"48":1,"49":0,"50":1},"f":{"0":2,"1":1,"2":2,"3":2,"4":2,"5":2,"6":2},"b":{"0":[0,1],"1":[0,0],"2":[0,0],"3":[1,0],"4":[0,0],"5":[1,1],"6":[1,1],"7":[0,0],"8":[1,0],"9":[0,0],"10":[1,0],"11":[0,0],"12":[1,0],"13":[0,0],"14":[1,0],"15":[0,0],"16":[0,0],"17":[0,0],"18":[0,0],"19":[1,0],"20":[0,0]},"_coverageSchema":"1a1c01bbd47fc00a2c39e90264f33305004495a9","hash":"c26ff36ba709ef392427998b383cf8d94972800a"}
,"F:\\practice\\ms-ali-akbar-betest\\src\\middleware\\authMiddleware.js": {"path":"F:\\practice\\ms-ali-akbar-betest\\src\\middleware\\authMiddleware.js","statementMap":{"0":{"start":{"line":1,"column":20},"end":{"line":1,"column":54}},"1":{"start":{"line":2,"column":24},"end":{"line":2,"column":59}},"2":{"start":{"line":8,"column":23},"end":{"line":25,"column":1}},"3":{"start":{"line":9,"column":16},"end":{"line":9,"column":67}},"4":{"start":{"line":11,"column":2},"end":{"line":13,"column":3}},"5":{"start":{"line":12,"column":4},"end":{"line":12,"column":82}},"6":{"start":{"line":15,"column":2},"end":{"line":24,"column":3}},"7":{"start":{"line":16,"column":20},"end":{"line":16,"column":50}},"8":{"start":{"line":17,"column":4},"end":{"line":17,"column":23}},"9":{"start":{"line":18,"column":4},"end":{"line":18,"column":11}},"10":{"start":{"line":20,"column":4},"end":{"line":22,"column":5}},"11":{"start":{"line":21,"column":6},"end":{"line":21,"column":69}},"12":{"start":{"line":23,"column":4},"end":{"line":23,"column":63}},"13":{"start":{"line":27,"column":0},"end":{"line":27,"column":32}}},"fnMap":{"0":{"name":"(anonymous_0)","decl":{"start":{"line":8,"column":23},"end":{"line":8,"column":24}},"loc":{"start":{"line":8,"column":43},"end":{"line":25,"column":1}},"line":8}},"branchMap":{"0":{"loc":{"start":{"line":11,"column":2},"end":{"line":13,"column":3}},"type":"if","locations":[{"start":{"line":11,"column":2},"end":{"line":13,"column":3}},{"start":{},"end":{}}],"line":11},"1":{"loc":{"start":{"line":20,"column":4},"end":{"line":22,"column":5}},"type":"if","locations":[{"start":{"line":20,"column":4},"end":{"line":22,"column":5}},{"start":{},"end":{}}],"line":20}},"s":{"0":1,"1":1,"2":1,"3":19,"4":19,"5":3,"6":16,"7":16,"8":15,"9":15,"10":1,"11":0,"12":1,"13":1},"f":{"0":19},"b":{"0":[3,16],"1":[0,1]},"_coverageSchema":"1a1c01bbd47fc00a2c39e90264f33305004495a9","hash":"e575a02fd88d59a9ed317b5ae5b477ffc65bb45f"}
,"F:\\practice\\ms-ali-akbar-betest\\src\\middleware\\validationMiddleware.js": {"path":"F:\\practice\\ms-ali-akbar-betest\\src\\middleware\\validationMiddleware.js","statementMap":{"0":{"start":{"line":1,"column":42},"end":{"line":1,"column":70}},"1":{"start":{"line":2,"column":24},"end":{"line":2,"column":59}},"2":{"start":{"line":13,"column":19},"end":{"line":13,"column":40}},"3":{"start":{"line":14,"column":4},"end":{"line":16,"column":5}},"4":{"start":{"line":15,"column":6},"end":{"line":15,"column":66}},"5":{"start":{"line":17,"column":4},"end":{"line":17,"column":11}},"6":{"start":{"line":24,"column":4},"end":{"line":46,"column":6}},"7":{"start":{"line":53,"column":4},"end":{"line":75,"column":6}},"8":{"start":{"line":82,"column":4},"end":{"line":92,"column":6}},"9":{"start":{"line":96,"column":0},"end":{"line":96,"column":38}}},"fnMap":{"0":{"name":"(anonymous_0)","decl":{"start":{"line":12,"column":2},"end":{"line":12,"column":3}},"loc":{"start":{"line":12,"column":34},"end":{"line":18,"column":3}},"line":12},"1":{"name":"(anonymous_1)","decl":{"start":{"line":23,"column":2},"end":{"line":23,"column":3}},"loc":{"start":{"line":23,"column":22},"end":{"line":47,"column":3}},"line":23},"2":{"name":"(anonymous_2)","decl":{"start":{"line":52,"column":2},"end":{"line":52,"column":3}},"loc":{"start":{"line":52,"column":22},"end":{"line":76,"column":3}},"line":52},"3":{"name":"(anonymous_3)","decl":{"start":{"line":81,"column":2},"end":{"line":81,"column":3}},"loc":{"start":{"line":81,"column":25},"end":{"line":93,"column":3}},"line":81}},"branchMap":{"0":{"loc":{"start":{"line":14,"column":4},"end":{"line":16,"column":5}},"type":"if","locations":[{"start":{"line":14,"column":4},"end":{"line":16,"column":5}},{"start":{},"end":{}}],"line":14}},"s":{"0":1,"1":1,"2":7,"3":7,"4":2,"5":5,"6":1,"7":1,"8":1,"9":1},"f":{"0":7,"1":1,"2":1,"3":1},"b":{"0":[2,5]},"_coverageSchema":"1a1c01bbd47fc00a2c39e90264f33305004495a9","hash":"2551b535b8bf9c3cff0c2c1b861dca328e1bf64d"}
,"F:\\practice\\ms-ali-akbar-betest\\src\\models\\User.js": {"path":"F:\\practice\\ms-ali-akbar-betest\\src\\models\\User.js","statementMap":{"0":{"start":{"line":1,"column":17},"end":{"line":1,"column":36}},"1":{"start":{"line":2,"column":23},"end":{"line":2,"column":38}},"2":{"start":{"line":9,"column":19},"end":{"line":56,"column":1}},"3":{"start":{"line":50,"column":8},"end":{"line":50,"column":25}},"4":{"start":{"line":51,"column":8},"end":{"line":51,"column":23}},"5":{"start":{"line":52,"column":8},"end":{"line":52,"column":19}},"6":{"start":{"line":59,"column":0},"end":{"line":59,"column":84}},"7":{"start":{"line":60,"column":0},"end":{"line":60,"column":86}},"8":{"start":{"line":61,"column":0},"end":{"line":61,"column":82}},"9":{"start":{"line":63,"column":13},"end":{"line":63,"column":47}},"10":{"start":{"line":65,"column":0},"end":{"line":65,"column":22}}},"fnMap":{"0":{"name":"(anonymous_0)","decl":{"start":{"line":49,"column":6},"end":{"line":49,"column":7}},"loc":{"start":{"line":49,"column":26},"end":{"line":53,"column":7}},"line":49}},"branchMap":{},"s":{"0":1,"1":1,"2":1,"3":0,"4":0,"5":0,"6":1,"7":1,"8":1,"9":1,"10":1},"f":{"0":0},"b":{},"_coverageSchema":"1a1c01bbd47fc00a2c39e90264f33305004495a9","hash":"03967bb34694001712131a955941cabcfab38172"}
,"F:\\practice\\ms-ali-akbar-betest\\src\\repositories\\userRepository.js": {"path":"F:\\practice\\ms-ali-akbar-betest\\src\\repositories\\userRepository.js","statementMap":{"0":{"start":{"line":1,"column":13},"end":{"line":1,"column":38}},"1":{"start":{"line":15,"column":17},"end":{"line":15,"column":35}},"2":{"start":{"line":16,"column":4},"end":{"line":16,"column":23}},"3":{"start":{"line":25,"column":17},"end":{"line":25,"column":35}},"4":{"start":{"line":26,"column":27},"end":{"line":29,"column":6}},"5":{"start":{"line":30,"column":4},"end":{"line":30,"column":41}},"6":{"start":{"line":39,"column":4},"end":{"line":39,"column":36}},"7":{"start":{"line":48,"column":4},"end":{"line":48,"column":50}},"8":{"start":{"line":57,"column":4},"end":{"line":57,"column":51}},"9":{"start":{"line":66,"column":4},"end":{"line":66,"column":77}},"10":{"start":{"line":76,"column":4},"end":{"line":79,"column":14}},"11":{"start":{"line":88,"column":4},"end":{"line":88,"column":45}},"12":{"start":{"line":92,"column":0},"end":{"line":92,"column":38}}},"fnMap":{"0":{"name":"(anonymous_0)","decl":{"start":{"line":14,"column":2},"end":{"line":14,"column":3}},"loc":{"start":{"line":14,"column":25},"end":{"line":17,"column":3}},"line":14},"1":{"name":"(anonymous_1)","decl":{"start":{"line":24,"column":2},"end":{"line":24,"column":3}},"loc":{"start":{"line":24,"column":47},"end":{"line":31,"column":3}},"line":24},"2":{"name":"(anonymous_2)","decl":{"start":{"line":38,"column":2},"end":{"line":38,"column":3}},"loc":{"start":{"line":38,"column":21},"end":{"line":40,"column":3}},"line":38},"3":{"name":"(anonymous_3)","decl":{"start":{"line":47,"column":2},"end":{"line":47,"column":3}},"loc":{"start":{"line":47,"column":43},"end":{"line":49,"column":3}},"line":47},"4":{"name":"(anonymous_4)","decl":{"start":{"line":56,"column":2},"end":{"line":56,"column":3}},"loc":{"start":{"line":56,"column":45},"end":{"line":58,"column":3}},"line":56},"5":{"name":"(anonymous_5)","decl":{"start":{"line":65,"column":2},"end":{"line":65,"column":3}},"loc":{"start":{"line":65,"column":34},"end":{"line":67,"column":3}},"line":65},"6":{"name":"(anonymous_6)","decl":{"start":{"line":75,"column":2},"end":{"line":75,"column":3}},"loc":{"start":{"line":75,"column":31},"end":{"line":80,"column":3}},"line":75},"7":{"name":"(anonymous_7)","decl":{"start":{"line":87,"column":2},"end":{"line":87,"column":3}},"loc":{"start":{"line":87,"column":19},"end":{"line":89,"column":3}},"line":87}},"branchMap":{"0":{"loc":{"start":{"line":24,"column":16},"end":{"line":24,"column":45}},"type":"default-arg","locations":[{"start":{"line":24,"column":43},"end":{"line":24,"column":45}}],"line":24},"1":{"loc":{"start":{"line":24,"column":18},"end":{"line":24,"column":26}},"type":"default-arg","locations":[{"start":{"line":24,"column":25},"end":{"line":24,"column":26}}],"line":24},"2":{"loc":{"start":{"line":24,"column":28},"end":{"line":24,"column":38}},"type":"default-arg","locations":[{"start":{"line":24,"column":36},"end":{"line":24,"column":38}}],"line":24}},"s":{"0":1,"1":0,"2":0,"3":0,"4":0,"5":0,"6":0,"7":0,"8":0,"9":0,"10":0,"11":0,"12":1},"f":{"0":0,"1":0,"2":0,"3":0,"4":0,"5":0,"6":0,"7":0},"b":{"0":[0],"1":[0],"2":[0]},"_coverageSchema":"1a1c01bbd47fc00a2c39e90264f33305004495a9","hash":"cf9d22e4508f34afbb41e8bbbb33539f3c4ac0bf"}
,"F:\\practice\\ms-ali-akbar-betest\\src\\routes\\authRoutes.js": {"path":"F:\\practice\\ms-ali-akbar-betest\\src\\routes\\authRoutes.js","statementMap":{"0":{"start":{"line":1,"column":16},"end":{"line":1,"column":34}},"1":{"start":{"line":2,"column":15},"end":{"line":2,"column":31}},"2":{"start":{"line":3,"column":23},"end":{"line":3,"column":63}},"3":{"start":{"line":4,"column":23},"end":{"line":4,"column":62}},"4":{"start":{"line":5,"column":29},"end":{"line":5,"column":74}},"5":{"start":{"line":12,"column":0},"end":{"line":12,"column":111}},"6":{"start":{"line":19,"column":0},"end":{"line":19,"column":87}},"7":{"start":{"line":21,"column":0},"end":{"line":21,"column":24}}},"fnMap":{},"branchMap":{},"s":{"0":1,"1":1,"2":1,"3":1,"4":1,"5":1,"6":1,"7":1},"f":{},"b":{},"_coverageSchema":"1a1c01bbd47fc00a2c39e90264f33305004495a9","hash":"ffda856bec89045ddf2fa473981afc62c37e3638"}
,"F:\\practice\\ms-ali-akbar-betest\\src\\routes\\userRoutes.js": {"path":"F:\\practice\\ms-ali-akbar-betest\\src\\routes\\userRoutes.js","statementMap":{"0":{"start":{"line":1,"column":16},"end":{"line":1,"column":34}},"1":{"start":{"line":2,"column":15},"end":{"line":2,"column":31}},"2":{"start":{"line":3,"column":23},"end":{"line":3,"column":63}},"3":{"start":{"line":4,"column":23},"end":{"line":4,"column":62}},"4":{"start":{"line":5,"column":29},"end":{"line":5,"column":74}},"5":{"start":{"line":8,"column":0},"end":{"line":8,"column":27}},"6":{"start":{"line":15,"column":0},"end":{"line":15,"column":100}},"7":{"start":{"line":22,"column":0},"end":{"line":22,"column":65}},"8":{"start":{"line":29,"column":0},"end":{"line":29,"column":98}},"9":{"start":{"line":36,"column":0},"end":{"line":36,"column":101}},"10":{"start":{"line":43,"column":0},"end":{"line":43,"column":68}},"11":{"start":{"line":50,"column":0},"end":{"line":50,"column":102}},"12":{"start":{"line":57,"column":0},"end":{"line":57,"column":70}},"13":{"start":{"line":59,"column":0},"end":{"line":59,"column":24}}},"fnMap":{},"branchMap":{},"s":{"0":1,"1":1,"2":1,"3":1,"4":1,"5":1,"6":1,"7":1,"8":1,"9":1,"10":1,"11":1,"12":1,"13":1},"f":{},"b":{},"_coverageSchema":"1a1c01bbd47fc00a2c39e90264f33305004495a9","hash":"e379bde55831247aeed86806be9a8c6cef29c126"}
,"F:\\practice\\ms-ali-akbar-betest\\src\\services\\authService.js": {"path":"F:\\practice\\ms-ali-akbar-betest\\src\\services\\authService.js","statementMap":{"0":{"start":{"line":1,"column":12},"end":{"line":1,"column":35}},"1":{"start":{"line":9,"column":4},"end":{"line":9,"column":71}},"2":{"start":{"line":10,"column":4},"end":{"line":10,"column":56}},"3":{"start":{"line":19,"column":4},"end":{"line":19,"column":73}},"4":{"start":{"line":29,"column":4},"end":{"line":29,"column":42}},"5":{"start":{"line":39,"column":4},"end":{"line":41,"column":5}},"6":{"start":{"line":40,"column":6},"end":{"line":40,"column":18}},"7":{"start":{"line":42,"column":4},"end":{"line":42,"column":36}},"8":{"start":{"line":46,"column":0},"end":{"line":46,"column":35}}},"fnMap":{"0":{"name":"(anonymous_0)","decl":{"start":{"line":8,"column":2},"end":{"line":8,"column":3}},"loc":{"start":{"line":8,"column":16},"end":{"line":11,"column":3}},"line":8},"1":{"name":"(anonymous_1)","decl":{"start":{"line":18,"column":2},"end":{"line":18,"column":3}},"loc":{"start":{"line":18,"column":25},"end":{"line":20,"column":3}},"line":18},"2":{"name":"(anonymous_2)","decl":{"start":{"line":28,"column":2},"end":{"line":28,"column":3}},"loc":{"start":{"line":28,"column":21},"end":{"line":30,"column":3}},"line":28},"3":{"name":"(anonymous_3)","decl":{"start":{"line":38,"column":2},"end":{"line":38,"column":3}},"loc":{"start":{"line":38,"column":27},"end":{"line":43,"column":3}},"line":38}},"branchMap":{"0":{"loc":{"start":{"line":9,"column":18},"end":{"line":9,"column":70}},"type":"binary-expr","locations":[{"start":{"line":9,"column":18},"end":{"line":9,"column":40}},{"start":{"line":9,"column":44},"end":{"line":9,"column":70}}],"line":9},"1":{"loc":{"start":{"line":10,"column":21},"end":{"line":10,"column":55}},"type":"binary-expr","locations":[{"start":{"line":10,"column":21},"end":{"line":10,"column":47}},{"start":{"line":10,"column":51},"end":{"line":10,"column":55}}],"line":10},"2":{"loc":{"start":{"line":39,"column":4},"end":{"line":41,"column":5}},"type":"if","locations":[{"start":{"line":39,"column":4},"end":{"line":41,"column":5}},{"start":{},"end":{}}],"line":39},"3":{"loc":{"start":{"line":39,"column":8},"end":{"line":39,"column":56}},"type":"binary-expr","locations":[{"start":{"line":39,"column":8},"end":{"line":39,"column":19}},{"start":{"line":39,"column":23},"end":{"line":39,"column":56}}],"line":39}},"s":{"0":2,"1":2,"2":2,"3":6,"4":20,"5":23,"6":6,"7":17,"8":2},"f":{"0":2,"1":6,"2":20,"3":23},"b":{"0":[2,1],"1":[2,1],"2":[6,17],"3":[23,18]},"_coverageSchema":"1a1c01bbd47fc00a2c39e90264f33305004495a9","hash":"28f44429c550bf2cdeeab5948246e519a97c081e"}
,"F:\\practice\\ms-ali-akbar-betest\\src\\services\\userService.js": {"path":"F:\\practice\\ms-ali-akbar-betest\\src\\services\\userService.js","statementMap":{"0":{"start":{"line":1,"column":23},"end":{"line":1,"column":64}},"1":{"start":{"line":2,"column":20},"end":{"line":2,"column":46}},"2":{"start":{"line":11,"column":4},"end":{"line":11,"column":33}},"3":{"start":{"line":12,"column":4},"end":{"line":12,"column":23}},"4":{"start":{"line":13,"column":4},"end":{"line":13,"column":31}},"5":{"start":{"line":19,"column":4},"end":{"line":19,"column":62}},"6":{"start":{"line":23,"column":4},"end":{"line":23,"column":78}},"7":{"start":{"line":27,"column":4},"end":{"line":27,"column":80}},"8":{"start":{"line":31,"column":4},"end":{"line":31,"column":75}},"9":{"start":{"line":35,"column":4},"end":{"line":35,"column":22}},"10":{"start":{"line":35,"column":15},"end":{"line":35,"column":22}},"11":{"start":{"line":36,"column":4},"end":{"line":43,"column":7}},"12":{"start":{"line":52,"column":21},"end":{"line":52,"column":77}},"13":{"start":{"line":53,"column":4},"end":{"line":57,"column":5}},"14":{"start":{"line":54,"column":18},"end":{"line":54,"column":59}},"15":{"start":{"line":55,"column":6},"end":{"line":55,"column":27}},"16":{"start":{"line":56,"column":6},"end":{"line":56,"column":16}},"17":{"start":{"line":59,"column":17},"end":{"line":59,"column":55}},"18":{"start":{"line":62,"column":4},"end":{"line":64,"column":6}},"19":{"start":{"line":66,"column":4},"end":{"line":66,"column":16}},"20":{"start":{"line":73,"column":21},"end":{"line":73,"column":47}},"21":{"start":{"line":74,"column":19},"end":{"line":74,"column":49}},"22":{"start":{"line":75,"column":4},"end":{"line":75,"column":30}},"23":{"start":{"line":75,"column":16},"end":{"line":75,"column":30}},"24":{"start":{"line":77,"column":19},"end":{"line":77,"column":65}},"25":{"start":{"line":78,"column":4},"end":{"line":78,"column":43}},"26":{"start":{"line":79,"column":4},"end":{"line":79,"column":18}},"27":{"start":{"line":86,"column":21},"end":{"line":86,"column":38}},"28":{"start":{"line":87,"column":19},"end":{"line":87,"column":49}},"29":{"start":{"line":88,"column":4},"end":{"line":88,"column":30}},"30":{"start":{"line":88,"column":16},"end":{"line":88,"column":30}},"31":{"start":{"line":90,"column":17},"end":{"line":90,"column":51}},"32":{"start":{"line":91,"column":4},"end":{"line":95,"column":5}},"33":{"start":{"line":92,"column":18},"end":{"line":92,"column":45}},"34":{"start":{"line":93,"column":6},"end":{"line":93,"column":27}},"35":{"start":{"line":94,"column":6},"end":{"line":94,"column":16}},"36":{"start":{"line":97,"column":4},"end":{"line":97,"column":41}},"37":{"start":{"line":98,"column":4},"end":{"line":98,"column":16}},"38":{"start":{"line":105,"column":21},"end":{"line":105,"column":54}},"39":{"start":{"line":106,"column":19},"end":{"line":106,"column":49}},"40":{"start":{"line":107,"column":4},"end":{"line":107,"column":30}},"41":{"start":{"line":107,"column":16},"end":{"line":107,"column":30}},"42":{"start":{"line":109,"column":17},"end":{"line":109,"column":73}},"43":{"start":{"line":110,"column":4},"end":{"line":114,"column":5}},"44":{"start":{"line":111,"column":18},"end":{"line":111,"column":45}},"45":{"start":{"line":112,"column":6},"end":{"line":112,"column":27}},"46":{"start":{"line":113,"column":6},"end":{"line":113,"column":16}},"47":{"start":{"line":116,"column":4},"end":{"line":116,"column":41}},"48":{"start":{"line":117,"column":4},"end":{"line":117,"column":16}},"49":{"start":{"line":124,"column":21},"end":{"line":124,"column":56}},"50":{"start":{"line":125,"column":19},"end":{"line":125,"column":49}},"51":{"start":{"line":126,"column":4},"end":{"line":126,"column":30}},"52":{"start":{"line":126,"column":16},"end":{"line":126,"column":30}},"53":{"start":{"line":128,"column":17},"end":{"line":128,"column":75}},"54":{"start":{"line":129,"column":4},"end":{"line":133,"column":5}},"55":{"start":{"line":130,"column":18},"end":{"line":130,"column":45}},"56":{"start":{"line":131,"column":6},"end":{"line":131,"column":27}},"57":{"start":{"line":132,"column":6},"end":{"line":132,"column":16}},"58":{"start":{"line":135,"column":4},"end":{"line":135,"column":41}},"59":{"start":{"line":136,"column":4},"end":{"line":136,"column":16}},"60":{"start":{"line":144,"column":20},"end":{"line":144,"column":54}},"61":{"start":{"line":145,"column":4},"end":{"line":149,"column":5}},"62":{"start":{"line":146,"column":18},"end":{"line":146,"column":45}},"63":{"start":{"line":147,"column":6},"end":{"line":147,"column":27}},"64":{"start":{"line":148,"column":6},"end":{"line":148,"column":16}},"65":{"start":{"line":151,"column":20},"end":{"line":151,"column":64}},"66":{"start":{"line":152,"column":4},"end":{"line":152,"column":40}},"67":{"start":{"line":153,"column":4},"end":{"line":153,"column":19}},"68":{"start":{"line":160,"column":17},"end":{"line":160,"column":51}},"69":{"start":{"line":161,"column":4},"end":{"line":165,"column":5}},"70":{"start":{"line":162,"column":18},"end":{"line":162,"column":45}},"71":{"start":{"line":163,"column":6},"end":{"line":163,"column":27}},"72":{"start":{"line":164,"column":6},"end":{"line":164,"column":16}},"73":{"start":{"line":167,"column":4},"end":{"line":167,"column":37}},"74":{"start":{"line":168,"column":4},"end":{"line":168,"column":37}},"75":{"start":{"line":169,"column":4},"end":{"line":169,"column":16}},"76":{"start":{"line":173,"column":0},"end":{"line":173,"column":62}}},"fnMap":{"0":{"name":"(anonymous_0)","decl":{"start":{"line":10,"column":2},"end":{"line":10,"column":3}},"loc":{"start":{"line":10,"column":33},"end":{"line":14,"column":3}},"line":10},"1":{"name":"(anonymous_1)","decl":{"start":{"line":18,"column":2},"end":{"line":18,"column":3}},"loc":{"start":{"line":18,"column":15},"end":{"line":20,"column":3}},"line":18},"2":{"name":"(anonymous_2)","decl":{"start":{"line":22,"column":2},"end":{"line":22,"column":3}},"loc":{"start":{"line":22,"column":31},"end":{"line":24,"column":3}},"line":22},"3":{"name":"(anonymous_3)","decl":{"start":{"line":26,"column":2},"end":{"line":26,"column":3}},"loc":{"start":{"line":26,"column":33},"end":{"line":28,"column":3}},"line":26},"4":{"name":"(anonymous_4)","decl":{"start":{"line":30,"column":2},"end":{"line":30,"column":3}},"loc":{"start":{"line":30,"column":24},"end":{"line":32,"column":3}},"line":30},"5":{"name":"(anonymous_5)","decl":{"start":{"line":34,"column":2},"end":{"line":34,"column":3}},"loc":{"start":{"line":34,"column":30},"end":{"line":44,"column":3}},"line":34},"6":{"name":"(anonymous_6)","decl":{"start":{"line":51,"column":2},"end":{"line":51,"column":3}},"loc":{"start":{"line":51,"column":29},"end":{"line":67,"column":3}},"line":51},"7":{"name":"(anonymous_7)","decl":{"start":{"line":72,"column":2},"end":{"line":72,"column":3}},"loc":{"start":{"line":72,"column":51},"end":{"line":80,"column":3}},"line":72},"8":{"name":"(anonymous_8)","decl":{"start":{"line":85,"column":2},"end":{"line":85,"column":3}},"loc":{"start":{"line":85,"column":24},"end":{"line":99,"column":3}},"line":85},"9":{"name":"(anonymous_9)","decl":{"start":{"line":104,"column":2},"end":{"line":104,"column":3}},"loc":{"start":{"line":104,"column":46},"end":{"line":118,"column":3}},"line":104},"10":{"name":"(anonymous_10)","decl":{"start":{"line":123,"column":2},"end":{"line":123,"column":3}},"loc":{"start":{"line":123,"column":48},"end":{"line":137,"column":3}},"line":123},"11":{"name":"(anonymous_11)","decl":{"start":{"line":142,"column":2},"end":{"line":142,"column":3}},"loc":{"start":{"line":142,"column":35},"end":{"line":154,"column":3}},"line":142},"12":{"name":"(anonymous_12)","decl":{"start":{"line":159,"column":2},"end":{"line":159,"column":3}},"loc":{"start":{"line":159,"column":23},"end":{"line":170,"column":3}},"line":159}},"branchMap":{"0":{"loc":{"start":{"line":35,"column":4},"end":{"line":35,"column":22}},"type":"if","locations":[{"start":{"line":35,"column":4},"end":{"line":35,"column":22}},{"start":{},"end":{}}],"line":35},"1":{"loc":{"start":{"line":37,"column":35},"end":{"line":37,"column":54}},"type":"binary-expr","locations":[{"start":{"line":37,"column":35},"end":{"line":37,"column":43}},{"start":{"line":37,"column":47},"end":{"line":37,"column":54}}],"line":37},"2":{"loc":{"start":{"line":53,"column":4},"end":{"line":57,"column":5}},"type":"if","locations":[{"start":{"line":53,"column":4},"end":{"line":57,"column":5}},{"start":{},"end":{}}],"line":53},"3":{"loc":{"start":{"line":72,"column":20},"end":{"line":72,"column":49}},"type":"default-arg","locations":[{"start":{"line":72,"column":47},"end":{"line":72,"column":49}}],"line":72},"4":{"loc":{"start":{"line":72,"column":22},"end":{"line":72,"column":30}},"type":"default-arg","locations":[{"start":{"line":72,"column":29},"end":{"line":72,"column":30}}],"line":72},"5":{"loc":{"start":{"line":72,"column":32},"end":{"line":72,"column":42}},"type":"default-arg","locations":[{"start":{"line":72,"column":40},"end":{"line":72,"column":42}}],"line":72},"6":{"loc":{"start":{"line":75,"column":4},"end":{"line":75,"column":30}},"type":"if","locations":[{"start":{"line":75,"column":4},"end":{"line":75,"column":30}},{"start":{},"end":{}}],"line":75},"7":{"loc":{"start":{"line":88,"column":4},"end":{"line":88,"column":30}},"type":"if","locations":[{"start":{"line":88,"column":4},"end":{"line":88,"column":30}},{"start":{},"end":{}}],"line":88},"8":{"loc":{"start":{"line":91,"column":4},"end":{"line":95,"column":5}},"type":"if","locations":[{"start":{"line":91,"column":4},"end":{"line":95,"column":5}},{"start":{},"end":{}}],"line":91},"9":{"loc":{"start":{"line":107,"column":4},"end":{"line":107,"column":30}},"type":"if","locations":[{"start":{"line":107,"column":4},"end":{"line":107,"column":30}},{"start":{},"end":{}}],"line":107},"10":{"loc":{"start":{"line":110,"column":4},"end":{"line":114,"column":5}},"type":"if","locations":[{"start":{"line":110,"column":4},"end":{"line":114,"column":5}},{"start":{},"end":{}}],"line":110},"11":{"loc":{"start":{"line":126,"column":4},"end":{"line":126,"column":30}},"type":"if","locations":[{"start":{"line":126,"column":4},"end":{"line":126,"column":30}},{"start":{},"end":{}}],"line":126},"12":{"loc":{"start":{"line":129,"column":4},"end":{"line":133,"column":5}},"type":"if","locations":[{"start":{"line":129,"column":4},"end":{"line":133,"column":5}},{"start":{},"end":{}}],"line":129},"13":{"loc":{"start":{"line":145,"column":4},"end":{"line":149,"column":5}},"type":"if","locations":[{"start":{"line":145,"column":4},"end":{"line":149,"column":5}},{"start":{},"end":{}}],"line":145},"14":{"loc":{"start":{"line":161,"column":4},"end":{"line":165,"column":5}},"type":"if","locations":[{"start":{"line":161,"column":4},"end":{"line":165,"column":5}},{"start":{},"end":{}}],"line":161}},"s":{"0":1,"1":1,"2":1,"3":1,"4":1,"5":0,"6":0,"7":0,"8":0,"9":0,"10":0,"11":0,"12":0,"13":0,"14":0,"15":0,"16":0,"17":0,"18":0,"19":0,"20":0,"21":0,"22":0,"23":0,"24":0,"25":0,"26":0,"27":0,"28":0,"29":0,"30":0,"31":0,"32":0,"33":0,"34":0,"35":0,"36":0,"37":0,"38":0,"39":0,"40":0,"41":0,"42":0,"43":0,"44":0,"45":0,"46":0,"47":0,"48":0,"49":0,"50":0,"51":0,"52":0,"53":0,"54":0,"55":0,"56":0,"57":0,"58":0,"59":0,"60":0,"61":0,"62":0,"63":0,"64":0,"65":0,"66":0,"67":0,"68":0,"69":0,"70":0,"71":0,"72":0,"73":0,"74":0,"75":0,"76":1},"f":{"0":1,"1":0,"2":0,"3":0,"4":0,"5":0,"6":0,"7":0,"8":0,"9":0,"10":0,"11":0,"12":0},"b":{"0":[0,0],"1":[0,0],"2":[0,0],"3":[0],"4":[0],"5":[0],"6":[0,0],"7":[0,0],"8":[0,0],"9":[0,0],"10":[0,0],"11":[0,0],"12":[0,0],"13":[0,0],"14":[0,0]},"_coverageSchema":"1a1c01bbd47fc00a2c39e90264f33305004495a9","hash":"d510e8cea045dc66102fa1c2f33df3d5352193d1"}
,"F:\\practice\\ms-ali-akbar-betest\\src\\utils\\responseHandler.js": {"path":"F:\\practice\\ms-ali-akbar-betest\\src\\utils\\responseHandler.js","statementMap":{"0":{"start":{"line":7,"column":4},"end":{"line":11,"column":7}},"1":{"start":{"line":15,"column":4},"end":{"line":15,"column":49}},"2":{"start":{"line":19,"column":4},"end":{"line":19,"column":34}},"3":{"start":{"line":23,"column":17},"end":{"line":23,"column":44}},"4":{"start":{"line":24,"column":4},"end":{"line":24,"column":37}},"5":{"start":{"line":24,"column":16},"end":{"line":24,"column":37}},"6":{"start":{"line":25,"column":4},"end":{"line":25,"column":45}},"7":{"start":{"line":29,"column":4},"end":{"line":29,"column":41}},"8":{"start":{"line":33,"column":4},"end":{"line":33,"column":41}},"9":{"start":{"line":37,"column":4},"end":{"line":37,"column":41}},"10":{"start":{"line":41,"column":4},"end":{"line":41,"column":41}},"11":{"start":{"line":45,"column":4},"end":{"line":50,"column":6}},"12":{"start":{"line":49,"column":25},"end":{"line":49,"column":58}},"13":{"start":{"line":54,"column":0},"end":{"line":54,"column":33}}},"fnMap":{"0":{"name":"(anonymous_0)","decl":{"start":{"line":6,"column":2},"end":{"line":6,"column":3}},"loc":{"start":{"line":6,"column":67},"end":{"line":12,"column":3}},"line":6},"1":{"name":"(anonymous_1)","decl":{"start":{"line":14,"column":2},"end":{"line":14,"column":3}},"loc":{"start":{"line":14,"column":71},"end":{"line":16,"column":3}},"line":14},"2":{"name":"(anonymous_2)","decl":{"start":{"line":18,"column":2},"end":{"line":18,"column":3}},"loc":{"start":{"line":18,"column":24},"end":{"line":20,"column":3}},"line":18},"3":{"name":"(anonymous_3)","decl":{"start":{"line":22,"column":2},"end":{"line":22,"column":3}},"loc":{"start":{"line":22,"column":88},"end":{"line":26,"column":3}},"line":22},"4":{"name":"(anonymous_4)","decl":{"start":{"line":28,"column":2},"end":{"line":28,"column":3}},"loc":{"start":{"line":28,"column":55},"end":{"line":30,"column":3}},"line":28},"5":{"name":"(anonymous_5)","decl":{"start":{"line":32,"column":2},"end":{"line":32,"column":3}},"loc":{"start":{"line":32,"column":53},"end":{"line":34,"column":3}},"line":32},"6":{"name":"(anonymous_6)","decl":{"start":{"line":36,"column":2},"end":{"line":36,"column":3}},"loc":{"start":{"line":36,"column":47},"end":{"line":38,"column":3}},"line":36},"7":{"name":"(anonymous_7)","decl":{"start":{"line":40,"column":2},"end":{"line":40,"column":3}},"loc":{"start":{"line":40,"column":60},"end":{"line":42,"column":3}},"line":40},"8":{"name":"(anonymous_8)","decl":{"start":{"line":44,"column":2},"end":{"line":44,"column":3}},"loc":{"start":{"line":44,"column":38},"end":{"line":51,"column":3}},"line":44},"9":{"name":"(anonymous_9)","decl":{"start":{"line":49,"column":17},"end":{"line":49,"column":18}},"loc":{"start":{"line":49,"column":25},"end":{"line":49,"column":58}},"line":49}},"branchMap":{"0":{"loc":{"start":{"line":6,"column":28},"end":{"line":6,"column":47}},"type":"default-arg","locations":[{"start":{"line":6,"column":38},"end":{"line":6,"column":47}}],"line":6},"1":{"loc":{"start":{"line":6,"column":49},"end":{"line":6,"column":65}},"type":"default-arg","locations":[{"start":{"line":6,"column":62},"end":{"line":6,"column":65}}],"line":6},"2":{"loc":{"start":{"line":14,"column":28},"end":{"line":14,"column":69}},"type":"default-arg","locations":[{"start":{"line":14,"column":38},"end":{"line":14,"column":69}}],"line":14},"3":{"loc":{"start":{"line":22,"column":20},"end":{"line":22,"column":53}},"type":"default-arg","locations":[{"start":{"line":22,"column":30},"end":{"line":22,"column":53}}],"line":22},"4":{"loc":{"start":{"line":22,"column":55},"end":{"line":22,"column":71}},"type":"default-arg","locations":[{"start":{"line":22,"column":68},"end":{"line":22,"column":71}}],"line":22},"5":{"loc":{"start":{"line":22,"column":73},"end":{"line":22,"column":86}},"type":"default-arg","locations":[{"start":{"line":22,"column":82},"end":{"line":22,"column":86}}],"line":22},"6":{"loc":{"start":{"line":24,"column":4},"end":{"line":24,"column":37}},"type":"if","locations":[{"start":{"line":24,"column":4},"end":{"line":24,"column":37}},{"start":{},"end":{}}],"line":24},"7":{"loc":{"start":{"line":28,"column":23},"end":{"line":28,"column":53}},"type":"default-arg","locations":[{"start":{"line":28,"column":33},"end":{"line":28,"column":53}}],"line":28},"8":{"loc":{"start":{"line":32,"column":27},"end":{"line":32,"column":51}},"type":"default-arg","locations":[{"start":{"line":32,"column":37},"end":{"line":32,"column":51}}],"line":32},"9":{"loc":{"start":{"line":36,"column":24},"end":{"line":36,"column":45}},"type":"default-arg","locations":[{"start":{"line":36,"column":34},"end":{"line":36,"column":45}}],"line":36},"10":{"loc":{"start":{"line":40,"column":23},"end":{"line":40,"column":58}},"type":"default-arg","locations":[{"start":{"line":40,"column":33},"end":{"line":40,"column":58}}],"line":40}},"s":{"0":9,"1":1,"2":0,"3":13,"4":13,"5":2,"6":13,"7":6,"8":4,"9":0,"10":1,"11":2,"12":7,"13":1},"f":{"0":9,"1":1,"2":0,"3":13,"4":6,"5":4,"6":0,"7":1,"8":2,"9":7},"b":{"0":[0],"1":[8],"2":[0],"3":[0],"4":[0],"5":[11],"6":[2,11],"7":[0],"8":[0],"9":[0],"10":[0]},"_coverageSchema":"1a1c01bbd47fc00a2c39e90264f33305004495a9","hash":"2c1ed43cbb63ee561029262d534f05e0e5b45266"}
}
