TN:
SF:src\app.js
FN:16,(anonymous_0)
FN:29,(anonymous_1)
FN:35,(anonymous_2)
FN:43,bootstrap
FN:46,(anonymous_4)
FN:52,(anonymous_5)
FNF:6
FNH:2
FNDA:1,(anonymous_0)
FNDA:1,(anonymous_1)
FNDA:0,(anonymous_2)
FNDA:0,bootstrap
FNDA:0,(anonymous_4)
FNDA:0,(anonymous_5)
DA:1,1
DA:2,1
DA:3,1
DA:4,1
DA:5,1
DA:6,1
DA:7,1
DA:9,1
DA:12,1
DA:13,1
DA:16,1
DA:17,1
DA:25,1
DA:26,1
DA:29,1
DA:30,1
DA:35,1
DA:36,0
DA:37,0
DA:41,1
DA:44,0
DA:45,0
DA:46,0
DA:47,0
DA:51,1
DA:52,0
DA:53,0
DA:54,0
DA:58,1
LF:29
LH:20
BRDA:37,0,0,0
BRDA:37,0,1,0
BRDA:37,1,0,0
BRDA:37,1,1,0
BRDA:41,2,0,1
BRDA:41,2,1,0
BRDA:51,3,0,0
BRDA:51,3,1,1
BRF:8
BRH:2
end_of_record
TN:
SF:src\config\redis.js
FN:8,(anonymous_0)
FN:18,(anonymous_1)
FN:28,(anonymous_2)
FN:32,(anonymous_3)
FN:39,(anonymous_4)
FN:46,(anonymous_5)
FN:50,(anonymous_6)
FN:60,(anonymous_7)
FN:68,(anonymous_8)
FN:76,(anonymous_9)
FN:87,(anonymous_10)
FNF:11
FNH:1
FNDA:1,(anonymous_0)
FNDA:0,(anonymous_1)
FNDA:0,(anonymous_2)
FNDA:0,(anonymous_3)
FNDA:0,(anonymous_4)
FNDA:0,(anonymous_5)
FNDA:0,(anonymous_6)
FNDA:0,(anonymous_7)
FNDA:0,(anonymous_8)
FNDA:0,(anonymous_9)
FNDA:0,(anonymous_10)
DA:1,1
DA:9,1
DA:10,0
DA:12,1
DA:13,1
DA:14,1
DA:15,1
DA:19,0
DA:20,0
DA:23,0
DA:24,0
DA:26,0
DA:28,0
DA:29,0
DA:32,0
DA:33,0
DA:36,0
DA:40,0
DA:41,0
DA:43,0
DA:47,0
DA:51,0
DA:52,0
DA:53,0
DA:55,0
DA:56,0
DA:61,0
DA:62,0
DA:64,0
DA:69,0
DA:70,0
DA:72,0
DA:77,0
DA:78,0
DA:79,0
DA:80,0
DA:83,0
DA:88,0
DA:89,0
DA:90,0
DA:95,1
LF:41
LH:7
BRDA:9,0,0,0
BRDA:9,0,1,1
BRDA:13,1,0,1
BRDA:13,1,1,1
BRDA:14,2,0,1
BRDA:14,2,1,1
BRDA:19,3,0,0
BRDA:19,3,1,0
BRDA:23,4,0,0
BRDA:23,4,1,0
BRDA:24,5,0,0
BRDA:24,5,1,0
BRDA:40,6,0,0
BRDA:40,6,1,0
BRDA:53,7,0,0
BRDA:53,7,1,0
BRDA:60,8,0,0
BRDA:79,9,0,0
BRDA:79,9,1,0
BRDA:88,10,0,0
BRDA:88,10,1,0
BRF:21
BRH:5
end_of_record
TN:
SF:src\controllers\authController.js
FN:13,(anonymous_0)
FN:39,(anonymous_1)
FNF:2
FNH:2
FNDA:1,(anonymous_0)
FNDA:1,(anonymous_1)
DA:1,1
DA:2,1
DA:3,1
DA:14,1
DA:15,1
DA:16,1
DA:20,1
DA:21,1
DA:31,0
DA:41,1
DA:49,1
LF:11
LH:10
BRDA:17,0,0,1
BRDA:17,0,1,1
BRDA:25,1,0,1
BRDA:25,1,1,0
BRF:4
BRH:3
end_of_record
TN:
SF:src\controllers\userController.js
FN:13,(anonymous_0)
FN:32,(anonymous_1)
FN:46,(anonymous_2)
FN:61,(anonymous_3)
FN:76,(anonymous_4)
FN:91,(anonymous_5)
FN:110,(anonymous_6)
FNF:7
FNH:7
FNDA:2,(anonymous_0)
FNDA:1,(anonymous_1)
FNDA:2,(anonymous_2)
FNDA:2,(anonymous_3)
FNDA:2,(anonymous_4)
FNDA:2,(anonymous_5)
FNDA:2,(anonymous_6)
DA:1,1
DA:2,1
DA:14,2
DA:15,2
DA:16,1
DA:18,1
DA:19,0
DA:20,0
DA:22,1
DA:23,1
DA:25,0
DA:33,1
DA:34,1
DA:35,1
DA:36,1
DA:37,1
DA:39,0
DA:47,2
DA:48,2
DA:49,1
DA:51,1
DA:52,1
DA:54,0
DA:62,2
DA:63,2
DA:64,1
DA:66,1
DA:67,1
DA:69,0
DA:77,2
DA:78,2
DA:79,1
DA:81,1
DA:82,1
DA:84,0
DA:92,2
DA:93,2
DA:94,1
DA:96,1
DA:97,1
DA:99,0
DA:100,0
DA:101,0
DA:103,0
DA:111,2
DA:112,2
DA:113,1
DA:115,1
DA:116,1
DA:118,0
DA:123,1
LF:51
LH:39
BRDA:18,0,0,0
BRDA:18,0,1,1
BRDA:19,1,0,0
BRDA:19,1,1,0
BRDA:19,2,0,0
BRDA:19,2,1,0
BRDA:22,3,0,1
BRDA:22,3,1,0
BRDA:25,4,0,0
BRDA:25,4,1,0
BRDA:34,5,0,1
BRDA:34,5,1,1
BRDA:35,6,0,1
BRDA:35,6,1,1
BRDA:39,7,0,0
BRDA:39,7,1,0
BRDA:51,8,0,1
BRDA:51,8,1,0
BRDA:54,9,0,0
BRDA:54,9,1,0
BRDA:66,10,0,1
BRDA:66,10,1,0
BRDA:69,11,0,0
BRDA:69,11,1,0
BRDA:81,12,0,1
BRDA:81,12,1,0
BRDA:84,13,0,0
BRDA:84,13,1,0
BRDA:96,14,0,1
BRDA:96,14,1,0
BRDA:99,15,0,0
BRDA:99,15,1,0
BRDA:100,16,0,0
BRDA:100,16,1,0
BRDA:100,17,0,0
BRDA:100,17,1,0
BRDA:103,18,0,0
BRDA:103,18,1,0
BRDA:115,19,0,1
BRDA:115,19,1,0
BRDA:118,20,0,0
BRDA:118,20,1,0
BRF:42
BRH:11
end_of_record
TN:
SF:src\middleware\authMiddleware.js
FN:8,(anonymous_0)
FNF:1
FNH:1
FNDA:19,(anonymous_0)
DA:1,1
DA:2,1
DA:8,1
DA:9,19
DA:11,19
DA:12,3
DA:15,16
DA:16,16
DA:17,15
DA:18,15
DA:20,1
DA:21,0
DA:23,1
DA:27,1
LF:14
LH:13
BRDA:11,0,0,3
BRDA:11,0,1,16
BRDA:20,1,0,0
BRDA:20,1,1,1
BRF:4
BRH:3
end_of_record
TN:
SF:src\middleware\validationMiddleware.js
FN:12,(anonymous_0)
FN:23,(anonymous_1)
FN:52,(anonymous_2)
FN:81,(anonymous_3)
FNF:4
FNH:4
FNDA:7,(anonymous_0)
FNDA:1,(anonymous_1)
FNDA:1,(anonymous_2)
FNDA:1,(anonymous_3)
DA:1,1
DA:2,1
DA:13,7
DA:14,7
DA:15,2
DA:17,5
DA:24,1
DA:53,1
DA:82,1
DA:96,1
LF:10
LH:10
BRDA:14,0,0,2
BRDA:14,0,1,5
BRF:2
BRH:2
end_of_record
TN:
SF:src\models\User.js
FN:49,(anonymous_0)
FNF:1
FNH:0
FNDA:0,(anonymous_0)
DA:1,1
DA:2,1
DA:9,1
DA:50,0
DA:51,0
DA:52,0
DA:59,1
DA:60,1
DA:61,1
DA:63,1
DA:65,1
LF:11
LH:8
BRF:0
BRH:0
end_of_record
TN:
SF:src\repositories\userRepository.js
FN:14,(anonymous_0)
FN:24,(anonymous_1)
FN:38,(anonymous_2)
FN:47,(anonymous_3)
FN:56,(anonymous_4)
FN:65,(anonymous_5)
FN:75,(anonymous_6)
FN:87,(anonymous_7)
FNF:8
FNH:0
FNDA:0,(anonymous_0)
FNDA:0,(anonymous_1)
FNDA:0,(anonymous_2)
FNDA:0,(anonymous_3)
FNDA:0,(anonymous_4)
FNDA:0,(anonymous_5)
FNDA:0,(anonymous_6)
FNDA:0,(anonymous_7)
DA:1,1
DA:15,0
DA:16,0
DA:25,0
DA:26,0
DA:30,0
DA:39,0
DA:48,0
DA:57,0
DA:66,0
DA:76,0
DA:88,0
DA:92,1
LF:13
LH:2
BRDA:24,0,0,0
BRDA:24,1,0,0
BRDA:24,2,0,0
BRF:3
BRH:0
end_of_record
TN:
SF:src\routes\authRoutes.js
FNF:0
FNH:0
DA:1,1
DA:2,1
DA:3,1
DA:4,1
DA:5,1
DA:12,1
DA:19,1
DA:21,1
LF:8
LH:8
BRF:0
BRH:0
end_of_record
TN:
SF:src\routes\userRoutes.js
FNF:0
FNH:0
DA:1,1
DA:2,1
DA:3,1
DA:4,1
DA:5,1
DA:8,1
DA:15,1
DA:22,1
DA:29,1
DA:36,1
DA:43,1
DA:50,1
DA:57,1
DA:59,1
LF:14
LH:14
BRF:0
BRH:0
end_of_record
TN:
SF:src\services\authService.js
FN:8,(anonymous_0)
FN:18,(anonymous_1)
FN:28,(anonymous_2)
FN:38,(anonymous_3)
FNF:4
FNH:4
FNDA:2,(anonymous_0)
FNDA:6,(anonymous_1)
FNDA:20,(anonymous_2)
FNDA:23,(anonymous_3)
DA:1,2
DA:9,2
DA:10,2
DA:19,6
DA:29,20
DA:39,23
DA:40,6
DA:42,17
DA:46,2
LF:9
LH:9
BRDA:9,0,0,2
BRDA:9,0,1,1
BRDA:10,1,0,2
BRDA:10,1,1,1
BRDA:39,2,0,6
BRDA:39,2,1,17
BRDA:39,3,0,23
BRDA:39,3,1,18
BRF:8
BRH:8
end_of_record
TN:
SF:src\services\userService.js
FN:10,(anonymous_0)
FN:18,(anonymous_1)
FN:22,(anonymous_2)
FN:26,(anonymous_3)
FN:30,(anonymous_4)
FN:34,(anonymous_5)
FN:51,(anonymous_6)
FN:72,(anonymous_7)
FN:85,(anonymous_8)
FN:104,(anonymous_9)
FN:123,(anonymous_10)
FN:142,(anonymous_11)
FN:159,(anonymous_12)
FNF:13
FNH:1
FNDA:1,(anonymous_0)
FNDA:0,(anonymous_1)
FNDA:0,(anonymous_2)
FNDA:0,(anonymous_3)
FNDA:0,(anonymous_4)
FNDA:0,(anonymous_5)
FNDA:0,(anonymous_6)
FNDA:0,(anonymous_7)
FNDA:0,(anonymous_8)
FNDA:0,(anonymous_9)
FNDA:0,(anonymous_10)
FNDA:0,(anonymous_11)
FNDA:0,(anonymous_12)
DA:1,1
DA:2,1
DA:11,1
DA:12,1
DA:13,1
DA:19,0
DA:23,0
DA:27,0
DA:31,0
DA:35,0
DA:36,0
DA:52,0
DA:53,0
DA:54,0
DA:55,0
DA:56,0
DA:59,0
DA:62,0
DA:66,0
DA:73,0
DA:74,0
DA:75,0
DA:77,0
DA:78,0
DA:79,0
DA:86,0
DA:87,0
DA:88,0
DA:90,0
DA:91,0
DA:92,0
DA:93,0
DA:94,0
DA:97,0
DA:98,0
DA:105,0
DA:106,0
DA:107,0
DA:109,0
DA:110,0
DA:111,0
DA:112,0
DA:113,0
DA:116,0
DA:117,0
DA:124,0
DA:125,0
DA:126,0
DA:128,0
DA:129,0
DA:130,0
DA:131,0
DA:132,0
DA:135,0
DA:136,0
DA:144,0
DA:145,0
DA:146,0
DA:147,0
DA:148,0
DA:151,0
DA:152,0
DA:153,0
DA:160,0
DA:161,0
DA:162,0
DA:163,0
DA:164,0
DA:167,0
DA:168,0
DA:169,0
DA:173,1
LF:72
LH:6
BRDA:35,0,0,0
BRDA:35,0,1,0
BRDA:37,1,0,0
BRDA:37,1,1,0
BRDA:53,2,0,0
BRDA:53,2,1,0
BRDA:72,3,0,0
BRDA:72,4,0,0
BRDA:72,5,0,0
BRDA:75,6,0,0
BRDA:75,6,1,0
BRDA:88,7,0,0
BRDA:88,7,1,0
BRDA:91,8,0,0
BRDA:91,8,1,0
BRDA:107,9,0,0
BRDA:107,9,1,0
BRDA:110,10,0,0
BRDA:110,10,1,0
BRDA:126,11,0,0
BRDA:126,11,1,0
BRDA:129,12,0,0
BRDA:129,12,1,0
BRDA:145,13,0,0
BRDA:145,13,1,0
BRDA:161,14,0,0
BRDA:161,14,1,0
BRF:27
BRH:0
end_of_record
TN:
SF:src\utils\responseHandler.js
FN:6,(anonymous_0)
FN:14,(anonymous_1)
FN:18,(anonymous_2)
FN:22,(anonymous_3)
FN:28,(anonymous_4)
FN:32,(anonymous_5)
FN:36,(anonymous_6)
FN:40,(anonymous_7)
FN:44,(anonymous_8)
FN:49,(anonymous_9)
FNF:10
FNH:8
FNDA:9,(anonymous_0)
FNDA:1,(anonymous_1)
FNDA:0,(anonymous_2)
FNDA:13,(anonymous_3)
FNDA:6,(anonymous_4)
FNDA:4,(anonymous_5)
FNDA:0,(anonymous_6)
FNDA:1,(anonymous_7)
FNDA:2,(anonymous_8)
FNDA:7,(anonymous_9)
DA:7,9
DA:15,1
DA:19,0
DA:23,13
DA:24,13
DA:25,13
DA:29,6
DA:33,4
DA:37,0
DA:41,1
DA:45,2
DA:49,7
DA:54,1
LF:13
LH:11
BRDA:6,0,0,0
BRDA:6,1,0,8
BRDA:14,2,0,0
BRDA:22,3,0,0
BRDA:22,4,0,0
BRDA:22,5,0,11
BRDA:24,6,0,2
BRDA:24,6,1,11
BRDA:28,7,0,0
BRDA:32,8,0,0
BRDA:36,9,0,0
BRDA:40,10,0,0
BRF:12
BRH:4
end_of_record
